Determining if the pthread_create exist failed with the following output:
Change Dir: /home/mcouplet/syno/academia/ucl/q9-q10/anm-meca2300/project/build/CMakeFiles/CMakeTmp

Run Build Command:"/usr/bin/make" "cmTC_42228/fast"
/usr/bin/make -f CMakeFiles/cmTC_42228.dir/build.make CMakeFiles/cmTC_42228.dir/build
make[1]: Entering directory '/home/mcouplet/syno/academia/ucl/q9-q10/anm-meca2300/project/build/CMakeFiles/CMakeTmp'
Building C object CMakeFiles/cmTC_42228.dir/CheckSymbolExists.c.o
/usr/bin/cc    -o CMakeFiles/cmTC_42228.dir/CheckSymbolExists.c.o   -c /home/mcouplet/syno/academia/ucl/q9-q10/anm-meca2300/project/build/CMakeFiles/CMakeTmp/CheckSymbolExists.c
Linking C executable cmTC_42228
/usr/bin/cmake -E cmake_link_script CMakeFiles/cmTC_42228.dir/link.txt --verbose=1
/usr/bin/cc      -rdynamic CMakeFiles/cmTC_42228.dir/CheckSymbolExists.c.o  -o cmTC_42228 
CMakeFiles/cmTC_42228.dir/CheckSymbolExists.c.o: In function `main':
CheckSymbolExists.c:(.text+0x1b): undefined reference to `pthread_create'
collect2: error: ld returned 1 exit status
CMakeFiles/cmTC_42228.dir/build.make:97: recipe for target 'cmTC_42228' failed
make[1]: *** [cmTC_42228] Error 1
make[1]: Leaving directory '/home/mcouplet/syno/academia/ucl/q9-q10/anm-meca2300/project/build/CMakeFiles/CMakeTmp'
Makefile:126: recipe for target 'cmTC_42228/fast' failed
make: *** [cmTC_42228/fast] Error 2

File /home/mcouplet/syno/academia/ucl/q9-q10/anm-meca2300/project/build/CMakeFiles/CMakeTmp/CheckSymbolExists.c:
/* */
#include <pthread.h>

int main(int argc, char** argv)
{
  (void)argv;
#ifndef pthread_create
  return ((int*)(&pthread_create))[argc];
#else
  (void)argc;
  return 0;
#endif
}

Determining if the function pthread_create exists in the pthreads failed with the following output:
Change Dir: /home/mcouplet/syno/academia/ucl/q9-q10/anm-meca2300/project/build/CMakeFiles/CMakeTmp

Run Build Command:"/usr/bin/make" "cmTC_fbdaa/fast"
/usr/bin/make -f CMakeFiles/cmTC_fbdaa.dir/build.make CMakeFiles/cmTC_fbdaa.dir/build
make[1]: Entering directory '/home/mcouplet/syno/academia/ucl/q9-q10/anm-meca2300/project/build/CMakeFiles/CMakeTmp'
Building C object CMakeFiles/cmTC_fbdaa.dir/CheckFunctionExists.c.o
/usr/bin/cc   -DCHECK_FUNCTION_EXISTS=pthread_create   -o CMakeFiles/cmTC_fbdaa.dir/CheckFunctionExists.c.o   -c /usr/share/cmake-3.10/Modules/CheckFunctionExists.c
Linking C executable cmTC_fbdaa
/usr/bin/cmake -E cmake_link_script CMakeFiles/cmTC_fbdaa.dir/link.txt --verbose=1
/usr/bin/cc  -DCHECK_FUNCTION_EXISTS=pthread_create    -rdynamic CMakeFiles/cmTC_fbdaa.dir/CheckFunctionExists.c.o  -o cmTC_fbdaa -lpthreads 
/usr/bin/ld: cannot find -lpthreads
collect2: error: ld returned 1 exit status
CMakeFiles/cmTC_fbdaa.dir/build.make:97: recipe for target 'cmTC_fbdaa' failed
make[1]: *** [cmTC_fbdaa] Error 1
make[1]: Leaving directory '/home/mcouplet/syno/academia/ucl/q9-q10/anm-meca2300/project/build/CMakeFiles/CMakeTmp'
Makefile:126: recipe for target 'cmTC_fbdaa/fast' failed
make: *** [cmTC_fbdaa/fast] Error 2


